This is pdfTeX, Version 3.1415926-2.5-1.40.14 (TeX Live 2013/TeX Live for SUSE Linux) (format=prv_newfile 2015.12.21)  21 DEC 2015 20:03
entering extended mode
 restricted \write18 enabled.
 %&-line parsing enabled.
**&prv_newfile _region_.tex
(./_region_.tex
LaTeX2e <2011/06/27>
Babel <3.9f> and hyphenation patterns for 78 languages loaded.
CUSTOMISED FORMAT. Preloaded files:
        .
 article.cls    2007/10/19 v1.4h Standard LaTeX document class
  size10.clo    2007/10/19 v1.4h Standard LaTeX file (size option)
   array.sty    2008/09/09 v2.4c Tabular extension package (FMi)
booktabs.sty    2005/04/14 v1.61803 publication quality tables
multirow.sty    
 caption.sty    2013/05/02 v3.3-89 Customizing captions (AR)
caption3.sty    2013/05/02 v1.6-88 caption3 kernel (AR)
  keyval.sty    1999/03/16 v1.13 key=value parser (DPC)
        .
No file _region_.aux.
LaTeX Font Info:    Checking defaults for OML/cmm/m/it on input line 17.
LaTeX Font Info:    ... okay on input line 17.
LaTeX Font Info:    Checking defaults for T1/cmr/m/n on input line 17.
LaTeX Font Info:    ... okay on input line 17.
LaTeX Font Info:    Checking defaults for OT1/cmr/m/n on input line 17.
LaTeX Font Info:    ... okay on input line 17.
LaTeX Font Info:    Checking defaults for OMS/cmsy/m/n on input line 17.
LaTeX Font Info:    ... okay on input line 17.
LaTeX Font Info:    Checking defaults for OMX/cmex/m/n on input line 17.
LaTeX Font Info:    ... okay on input line 17.
LaTeX Font Info:    Checking defaults for U/cmr/m/n on input line 17.
LaTeX Font Info:    ... okay on input line 17.
(/home/aries/.emacs.d/elpa/auctex-11.89/latex/preview.sty
Package: preview 2010/02/14 11.89 (AUCTeX/preview-latex)

(/home/aries/.emacs.d/elpa/auctex-11.89/latex/prtightpage.def
\PreviewBorder=\dimen126
)
(/home/aries/.emacs.d/elpa/auctex-11.89/latex/prauctex.def
No auxiliary output files.


\hbadness=\count92
\hfuzz=\dimen127
(/home/aries/.emacs.d/elpa/auctex-11.89/latex/prauctex.cfg))
(/home/aries/.emacs.d/elpa/auctex-11.89/latex/prfootnotes.def)
\pr@snippet=\count93
\pr@box=\box26
\pr@output=\toks16

Preview: Fontsize 10pt
Preview: PDFoutput 1
)
Package caption Info: Begin \AtBeginDocument code.
Package caption Info: Incompatible package detected (regarding \caption).
(caption)             \caption = \protected\long macro:->\pr@protect@domacro {}
{##1{}}\pr@\caption .


Package caption Warning: \caption will not be redefined since it's already
(caption)                redefined by a document class or package which is
(caption)                unknown to the caption package.
See the caption package documentation for explanation.

Package caption Info: End \AtBeginDocument code.
 !name(newfile.tex) !offset(-3) 
! Preview: Snippet 1 started.
<-><->
      
l.22 \begin{table}
                  
Not a real error.

LaTeX Font Info:    External font `cmex10' loaded for size
(Font)              <9> on input line 26.
LaTeX Font Info:    External font `cmex10' loaded for size
(Font)              <6> on input line 26.
Preview: Tightpage -32891 -32891 32891 32891
! Preview: Snippet 1 ended.(9103072+7333600x22609920).
<-><->
      
l.67 \end{table}
                
Not a real error.

[1

{/usr/share/texmf/fonts/map/pdftex/updmap/pdftex.map}] ) 
Here is how much of TeX's memory you used:
 211 strings out of 491903
 2962 string characters out of 6122729
 86670 words of memory out of 5000000
 5094 multiletter control sequences out of 15000+600000
 9158 words of font info for 32 fonts, out of 8000000 for 9000
 957 hyphenation exceptions out of 8191
 28i,10n,36p,164b,368s stack positions out of 5000i,500n,10000p,200000b,80000s
</usr/share/texmf/fonts
/type1/public/amsfonts/cm/cmbx10.pfb></usr/share/texmf/fonts/type1/public/amsfo
nts/cm/cmbx9.pfb></usr/share/texmf/fonts/type1/public/amsfonts/cm/cmcsc10.pfb><
/usr/share/texmf/fonts/type1/public/amsfonts/cm/cmr10.pfb></usr/share/texmf/fon
ts/type1/public/amsfonts/cm/cmr6.pfb></usr/share/texmf/fonts/type1/public/amsfo
nts/cm/cmr9.pfb></usr/share/texmf/fonts/type1/public/amsfonts/cm/cmsl10.pfb></u
sr/share/texmf/fonts/type1/public/amsfonts/cm/cmss10.pfb></usr/share/texmf/font
s/type1/public/amsfonts/cm/cmssbx10.pfb></usr/share/texmf/fonts/type1/public/am
sfonts/cm/cmssi10.pfb></usr/share/texmf/fonts/type1/public/amsfonts/cm/cmsy10.p
fb></usr/share/texmf/fonts/type1/public/amsfonts/cm/cmti10.pfb></usr/share/texm
f/fonts/type1/public/amsfonts/cm/cmtt10.pfb>
Output written on _region_.pdf (1 page, 124672 bytes).
PDF statistics:
 60 PDF objects out of 1000 (max. 8388607)
 43 compressed objects within 1 object stream
 0 named destinations out of 1000 (max. 500000)
 1 words of extra memory for PDF output out of 10000 (max. 10000000)

